<?xml version="1.0" encoding="UTF-8"?>
<!-- Generated by org.testng.reporters.JUnitXMLReporter -->
<testsuite ignored="0" hostname="LAPTOP-OQKCQDLE" failures="2" tests="4" name="a1" time="0.082" errors="0" timestamp="2025-11-13T15:59:28 IST">
  <testcase classname="Testcases.ReportsTest" name="b" time="0.015"/>
  <testcase classname="Testcases.ReportsTest" name="c" time="0.006">
    <failure type="java.lang.AssertionError" message="expected [20] but found [10]">
      <![CDATA[java.lang.AssertionError: expected [20] but found [10]
at Testcases.ReportsTest.c(ReportsTest.java:29)
at java.base/java.util.ArrayList.forEach(ArrayList.java:1596)
... Removed 32 stack frames]]>
    </failure>
  </testcase> <!-- c -->
  <testcase classname="Testcases.ReportsTest" name="d" time="0.002">
    <failure type="java.lang.AssertionError" message="expected [20] but found [10]">
      <![CDATA[java.lang.AssertionError: expected [20] but found [10]
at Testcases.ReportsTest.d(ReportsTest.java:15)
at java.base/java.util.ArrayList.forEach(ArrayList.java:1596)
... Removed 32 stack frames]]>
    </failure>
  </testcase> <!-- d -->
  <testcase classname="Testcases.ReportsTest" name="m" time="0.001"/>
</testsuite> <!-- a1 -->
