<?xml version="1.0" encoding="UTF-8"?>
<!-- Generated by org.testng.reporters.JUnitReportReporter -->
<testsuite hostname="LAPTOP-OQKCQDLE" failures="0" tests="3" name="Testcases.Hybriddriven_RegisterTest" time="6.942" errors="0" timestamp="2025-10-28T15:04:49 IST" skipped="0">
  <testcase classname="Testcases.Hybriddriven_RegisterTest" name="tc_01" time="1.586"/>
  <testcase classname="Testcases.Hybriddriven_RegisterTest" name="tc_01" time="1.659"/>
  <testcase classname="Testcases.Hybriddriven_RegisterTest" name="tc_01" time="3.697"/>
</testsuite> <!-- Testcases.Hybriddriven_RegisterTest -->
